 ---=== Start Migration of project ADHocReporting ===---
 * Task [Remove routine dependency on talend jars] : Nothing to do
 * Task [ChangePostgresDbVersionForProjectSetting] : Nothing to do
 * Task [Encrypt passwords in new password fields of project settings implicit context load and stats logs] : Applied successfully
 * Task [UnifyPasswordEncryption4ProjectSettingsMigrationTask] : Applied successfully
 * Task [Fix a problem of project resources linked to items] : Nothing to do
 * Task [If the data container contains #STAGING, then we remove this tag and we set the closed list to STAGING] : Applied successfully
 * Task [encrypt passwords in new password fields of jobs] : Applied successfully
 * Task [ChangeDeleteEmptyFileValueIfAppendTrueFeatureTDI26625] : Applied successfully
 * Task [AddAPIVersion4tMSCRM] : Applied successfully
 * Task [ExcleGenerationModeMigrationTask] : Nothing to do
 * Task [ChangeDBName4Hive] : Applied successfully
 * Task [Modify tFileUnarchive ZIPFILE field value(DI_DEMOS)] : Applied successfully
 * Task [CleanDBSchemaOntCreateTableMigrationTask] : Applied successfully
 * Task [AddNewFieldsForTDQHadoopComponentsTask] : Applied successfully
 * Task [RenameOracleRACToOracleCustomMigrationTask] : Nothing to do
 * Task [Fix Wrong DB Types] : Nothing to do
 * Task [ChangeSalesForceComponetsCustomerModuleName] : Applied successfully
 * Task [ChangeUsername4Hive] : Applied successfully
 * Task [ChangeJavaAPIAsDefault4SqoopMigrationTask] : Applied successfully
 * Task [Remove Error Tag] : Nothing to do
 * Task [RemoveUseHadoopPropertiesFortMRConfiguration] : Nothing to do
 * Task [ChangeDefaultEncodingMigrationTask] : Applied successfully
 * Task [AddDBConnectionVersionMigrationTask] : Nothing to do
 * Task [SetTrim4tFileOutputXML] : Applied successfully
 * Task [AddLoginTypeForSalesforceMigrationTask] : Nothing to do
 * Task [ChangeDefaultValueFortCassandraOutputDefineCFStructure] : Applied successfully
 * Task [AddHashKeyFromInputConnector4tHashOutput] : Applied successfully
 * Task [SetContextDumpHidePasswordToFalse] : Applied successfully
 * Task [UpdateJobSettingsForPostgresMigrationTask] : Nothing to do
 * Task [ChangeRecordMatchingCustomFunctionValueTask] : Applied successfully
 * Task [Encrypt passwords in new password fields of job settings implicit context load and stats logs] : Applied successfully
 * Task [UpdateDbVersionForVerticaMigrationTask] : Nothing to do
 * Task [Add the gid use string parameter if not have, value=false] : Applied successfully
 * Task [ChangeUseBatchSizetoFalse4AS400] : Applied successfully
 * Task [CorrectTeradataTPTExecInserterOperatorToLoad] : Applied successfully
 * Task [ChangeRecalculateFormulaValueMigrationTask] : Applied successfully
 * Task [AddCDCTypeForOracleCDCMigrationTask] : Applied successfully
 * Task [DBMapSplitTableConstraintFiltersMigrationTask] : Applied successfully
 * Task [ChangeParameterName4tMDMConnection] : Applied successfully
 * Task [UpdateTMultiPatternCheckTask] : Applied successfully
 * Task [Add a option and reverse its value on FS components] : Applied successfully
 * Task [Update "compute group quality" to false for non-separate mode] : Applied successfully
 * Task [CorrectDBVersionListForAS400] : Applied successfully
 * Task [UnifyPasswordEncryption4LdapConnectionMigrationTask] : Nothing to do
 * Task [UnifyPasswordEncryption4SalesforceSchemaConnectionMigrationTask] : Nothing to do
 * Task [UnifyPasswordEncryption4SapConnectionMigrationTask] : Nothing to do
 * Task [UnifyPasswordEncryption4FtpConnectionMigrationTask] : Nothing to do
 * Task [UnifyPasswordEncryption4MDMConnectionMigrationTask] : Nothing to do
 * Task [UnifyPasswordEncryption4ParametersInJobletMigrationTask] : Nothing to do
 * Task [UnifyPasswordEncryption4WsdlConnectionMigrationTask] : Nothing to do
 * Task [UnifyPasswordEncryption4ContextMigrationTask] : Nothing to do
 * Task [UnifyPasswordEncryption4DBConnectionMigrationTask] : Nothing to do
 * Task [UnifyPasswordEncryption4ParametersInJobMigrationTask] : Applied successfully
 * Task [SetDieOnErrorFalse4tSCPDelete] : Applied successfully
 * Task [SAPItemMigrationTask] : Applied successfully
 * Task [SAPComponentSchemaIdMigrationTask] : Applied successfully
 * Task [SetDefaultValue4tWriteJSONFieldGroupByOutput] : Applied successfully
 * Task [RemoveUnuseQuoteOnTLoop] : Applied successfully
 * Task [Set tStoreResult associated tPigLoad] : Applied successfully
 * Task [ChangeMappingParameter4Redshift] : Applied successfully
 * Task [ChangeParameter4tSAPIDocOutput] : Applied successfully
 * Task [ChangeDefaultValue4tMarketoOutput] : Applied successfully
 * Task [AddSchemaDefaultValue4tFileInputDelimited] : Applied successfully
 * Task [CorrectBatchModeForDBComponents] : Applied successfully
 * Task [CorrectBatchModeForTeradataOutput] : Applied successfully
 * Task [CorrectBatchModeForJDBCOutput] : Applied successfully
 * Task [AutoUpdateRelationsMigrationTask] : Applied successfully
 ---=== Enf of migration ===---
